c:\users\fanal\onedrive\desktop\projectfinalds\audioplayer\audioplayer\audioplayer\x64\debug\qt\uic\ui_audioplayer.h
c:\users\fanal\onedrive\desktop\projectfinalds\audioplayer\audioplayer\audioplayer\x64\debug\qt\rcc\qrc_audioplayer.cpp
c:\users\fanal\onedrive\desktop\projectfinalds\audioplayer\audioplayer\audioplayer\x64\debug\qt\moc\moc_audioplayer.cpp
c:\users\fanal\onedrive\desktop\projectfinalds\audioplayer\audioplayer\audioplayer\x64\debug\vc143.pdb
c:\users\fanal\onedrive\desktop\projectfinalds\audioplayer\audioplayer\audioplayer\x64\debug\vc143.idb
c:\users\fanal\onedrive\desktop\projectfinalds\audioplayer\audioplayer\audioplayer\x64\debug\qrc_audioplayer.obj
c:\users\fanal\onedrive\desktop\projectfinalds\audioplayer\audioplayer\audioplayer\x64\debug\miniaudio.obj
c:\users\fanal\onedrive\desktop\projectfinalds\audioplayer\audioplayer\audioplayer\x64\debug\audioplayer.obj
c:\users\fanal\onedrive\desktop\projectfinalds\audioplayer\audioplayer\audioplayer\x64\debug\main.obj
c:\users\fanal\onedrive\desktop\projectfinalds\audioplayer\audioplayer\audioplayer\x64\debug\moc_audioplayer.obj
c:\users\fanal\onedrive\desktop\projectfinalds\audioplayer\audioplayer\x64\debug\audioplayer.exe
c:\users\fanal\onedrive\desktop\projectfinalds\audioplayer\audioplayer\x64\debug\audioplayer.pdb
c:\users\fanal\onedrive\desktop\projectfinalds\audioplayer\audioplayer\audioplayer\x64\debug\audioplayer.ilk
c:\users\fanal\onedrive\desktop\projectfinalds\audioplayer\audioplayer\audioplayer\x64\debug\audioplayer.tlog\audioplayer.write.1u.tlog
c:\users\fanal\onedrive\desktop\projectfinalds\audioplayer\audioplayer\audioplayer\x64\debug\audioplayer.tlog\cl.command.1.tlog
c:\users\fanal\onedrive\desktop\projectfinalds\audioplayer\audioplayer\audioplayer\x64\debug\audioplayer.tlog\cl.items.tlog
c:\users\fanal\onedrive\desktop\projectfinalds\audioplayer\audioplayer\audioplayer\x64\debug\audioplayer.tlog\cl.read.1.tlog
c:\users\fanal\onedrive\desktop\projectfinalds\audioplayer\audioplayer\audioplayer\x64\debug\audioplayer.tlog\cl.write.1.tlog
c:\users\fanal\onedrive\desktop\projectfinalds\audioplayer\audioplayer\audioplayer\x64\debug\audioplayer.tlog\link.command.1.tlog
c:\users\fanal\onedrive\desktop\projectfinalds\audioplayer\audioplayer\audioplayer\x64\debug\audioplayer.tlog\link.read.1.tlog
c:\users\fanal\onedrive\desktop\projectfinalds\audioplayer\audioplayer\audioplayer\x64\debug\audioplayer.tlog\link.secondary.1.tlog
c:\users\fanal\onedrive\desktop\projectfinalds\audioplayer\audioplayer\audioplayer\x64\debug\audioplayer.tlog\link.write.1.tlog
c:\users\fanal\onedrive\desktop\projectfinalds\audioplayer\audioplayer\audioplayer\x64\debug\audioplayer.tlog\moc.read.1u.tlog
c:\users\fanal\onedrive\desktop\projectfinalds\audioplayer\audioplayer\audioplayer\x64\debug\audioplayer.tlog\moc.write.1u.tlog
c:\users\fanal\onedrive\desktop\projectfinalds\audioplayer\audioplayer\audioplayer\x64\debug\audioplayer.tlog\rcc.read.1u.tlog
c:\users\fanal\onedrive\desktop\projectfinalds\audioplayer\audioplayer\audioplayer\x64\debug\audioplayer.tlog\rcc.write.1u.tlog
c:\users\fanal\onedrive\desktop\projectfinalds\audioplayer\audioplayer\audioplayer\x64\debug\audioplayer.tlog\uic.read.1u.tlog
c:\users\fanal\onedrive\desktop\projectfinalds\audioplayer\audioplayer\audioplayer\x64\debug\audioplayer.tlog\uic.write.1u.tlog
